<?xml version="1.0" encoding="utf-8"?><testsuites name="pytest tests"><testsuite name="pytest" errors="0" failures="0" skipped="0" tests="10" time="2.491" timestamp="2026-06-25T17:35:52.559834+00:00" hostname="agent-env-1fdf2cf8-71c9-4f85-a9a9-e7ef1a8bb889"><testcase classname="tests.test_findings_snapshots.TestSnapshotsList" name="test_list_returns_latest_first_with_fresh_count" time="2.222" /><testcase classname="tests.test_findings_snapshots.TestSnapshotsList" name="test_list_no_snapshots_returns_empty" time="0.004" /><testcase classname="tests.test_findings_snapshots.TestSnapshotDetail" name="test_snapshot_detail_includes_diff_vs_prior" time="0.005" /><testcase classname="tests.test_findings_snapshots.TestSnapshotDetail" name="test_first_snapshot_has_no_diff" time="0.004" /><testcase classname="tests.test_findings_snapshots.TestPdfExport" name="test_pdf_export_returns_valid_pdf_with_filename" time="0.015" /><testcase classname="tests.test_findings_snapshots.TestPdfExport" name="test_pdf_404_for_unknown_or_incomplete_snapshot" time="0.003" /><testcase classname="tests.test_findings_snapshots.TestEmailShare" name="test_email_send_invokes_resend_per_recipient" time="0.036" /><testcase classname="tests.test_findings_snapshots.TestEmailShare" name="test_email_rejects_empty_recipients" time="0.006" /><testcase classname="tests.test_findings_snapshots.TestDiffHelper" name="test_diff_matches_on_workstream_and_title" time="0.000" /><testcase classname="tests.test_findings_snapshots.TestDiffHelper" name="test_diff_normalizes_title_case" time="0.165" /></testsuite></testsuites>