<?xml version="1.0" encoding="utf-8"?><testsuites name="pytest tests"><testsuite name="pytest" errors="0" failures="0" skipped="0" tests="10" time="6.889" timestamp="2026-06-24T17:59:26.355793+00:00" hostname="agent-env-1fdf2cf8-71c9-4f85-a9a9-e7ef1a8bb889"><testcase classname="backend.tests.test_admin_invite_role_scope.TestAdminInviteScope" name="test_invited_agent_lands_as_principal" time="0.867" /><testcase classname="backend.tests.test_admin_invite_role_scope.TestAdminInviteScope" name="test_invited_seller_lands_as_principal" time="0.499" /><testcase classname="backend.tests.test_admin_invite_role_scope.TestAdminInviteScope" name="test_invited_buyer_lands_as_principal" time="0.463" /><testcase classname="backend.tests.test_admin_invite_role_scope.TestAdminInviteScope" name="test_invited_agent_persists_principal_across_login" time="0.900" /><testcase classname="backend.tests.test_admin_invite_role_scope.TestListingCollabUnchanged" name="test_listing_collab_remains_collaborator" time="1.829" /><testcase classname="backend.tests.test_admin_invite_scope_v2.TestAdminInviteResponseShape" name="test_admin_invite_response_fields" time="0.463" /><testcase classname="backend.tests.test_admin_invite_scope_v2.TestSeededUserScope" name="test_seeded_user_is_principal[mira@workz.example.com-WorkzPass123!-seller]" time="0.446" /><testcase classname="backend.tests.test_admin_invite_scope_v2.TestSeededUserScope" name="test_seeded_user_is_principal[alex@workz.example.com-WorkzPass123!-buyer]" time="0.444" /><testcase classname="backend.tests.test_admin_invite_scope_v2.TestSeededUserScope" name="test_seeded_user_is_principal[admin@workz.example.com-WorkzAdmin123!-admin]" time="0.470" /><testcase classname="backend.tests.test_admin_invite_scope_v2.TestSeededUserScope" name="test_seeded_user_is_principal[agent@workz.example.com-WorkzPass123!-agent]" time="0.440" /></testsuite></testsuites>