<?xml version="1.0" encoding="utf-8"?><testsuites name="pytest tests"><testsuite name="pytest" errors="0" failures="0" skipped="0" tests="6" time="2.340" timestamp="2026-07-17T02:03:19.752436+00:00" hostname="agent-env-1fdf2cf8-71c9-4f85-a9a9-e7ef1a8bb889"><testcase classname="tests.test_iter38_vault_valuation" name="test_buyer_get_helios_vault_valuation" time="0.523" /><testcase classname="tests.test_iter38_vault_valuation" name="test_post_valuation_is_idempotent" time="0.286" /><testcase classname="tests.test_iter38_vault_valuation" name="test_seller_cannot_see_buyer_valuation" time="0.445" /><testcase classname="tests.test_iter38_vault_valuation" name="test_unrelated_third_party_forbidden" time="0.467" /><testcase classname="tests.test_iter38_vault_valuation" name="test_memo_pdf_contains_private_data_room" time="0.319" /><testcase classname="tests.test_iter38_vault_valuation" name="test_regression_phase_a_valuation_no_vault" time="0.213" /></testsuite></testsuites>