<?xml version="1.0" encoding="utf-8"?><testsuites name="pytest tests"><testsuite name="pytest" errors="0" failures="0" skipped="1" tests="18" time="14.832" timestamp="2026-06-18T00:17:53.247281+00:00" hostname="agent-env-1fdf2cf8-71c9-4f85-a9a9-e7ef1a8bb889"><testcase classname="backend.tests.test_collab_rule_1b_scope" name="test_auth_me_account_scope_principal_for_seller" time="0.505" /><testcase classname="backend.tests.test_collab_rule_1b_scope" name="test_auth_me_account_scope_principal_for_admin" time="0.431" /><testcase classname="backend.tests.test_collab_rule_1b_scope" name="test_register_with_invite_returns_collaborator_scope" time="0.683" /><testcase classname="backend.tests.test_collab_rule_1b_scope" name="test_scope_flips_to_principal_after_owning_listing" time="0.558"><skipped type="pytest.skip" message="POST /listings unavailable for collab user (status 422); flip semantics covered by _compute_account_scope helper unit-logic.">/app/backend/tests/test_collab_rule_1b_scope.py:137: POST /listings unavailable for collab user (status 422); flip semantics covered by _compute_account_scope helper unit-logic.</skipped></testcase><testcase classname="backend.tests.test_collab_rule_1b_scope" name="test_patch_role_principal_can_patch_anyone" time="0.588" /><testcase classname="backend.tests.test_collab_rule_1b_scope" name="test_patch_role_editor_non_inviter_blocked_403" time="1.019" /><testcase classname="backend.tests.test_collab_rule_1b_scope" name="test_patch_role_editor_who_invited_can_patch_200" time="1.003" /><testcase classname="backend.tests.test_collab_rule_1b_scope" name="test_delete_collab_editor_non_inviter_blocked_403" time="1.048" /><testcase classname="backend.tests.test_collab_rule_1b_scope" name="test_delete_collab_inviter_allowed_200" time="1.030" /><testcase classname="backend.tests.test_collab_rule_1b_scope" name="test_delete_collab_principal_allowed_200" time="0.994" /><testcase classname="backend.tests.test_collab_rule_1b_scope" name="test_revoke_invite_non_inviter_blocked_403" time="0.698" /><testcase classname="backend.tests.test_collab_rule_1b_scope" name="test_revoke_invite_inviter_allowed_200" time="0.690" /><testcase classname="backend.tests.test_collab_rule_1b_scope" name="test_revoke_invite_principal_allowed_200" time="0.723" /><testcase classname="backend.tests.test_collab_rule_1b_scope" name="test_resend_invite_non_inviter_blocked_403" time="0.706" /><testcase classname="backend.tests.test_collab_rule_1b_scope" name="test_resend_invite_inviter_allowed_200" time="0.718" /><testcase classname="backend.tests.test_collab_rule_1b_scope" name="test_resend_invite_principal_allowed_200" time="0.755" /><testcase classname="backend.tests.test_collab_rule_1b_scope" name="test_get_collaborators_decorates_can_manage_for_principal" time="0.827" /><testcase classname="backend.tests.test_collab_rule_1b_scope" name="test_get_collaborators_can_manage_gating_for_editor" time="1.762" /></testsuite></testsuites>