<?xml version="1.0" encoding="utf-8"?><testsuites name="pytest tests"><testsuite name="pytest" errors="0" failures="0" skipped="1" tests="18" time="5.422" timestamp="2026-06-05T19:13:02.219939+00:00" hostname="agent-env-1fdf2cf8-71c9-4f85-a9a9-e7ef1a8bb889"><testcase classname="backend.tests.test_detailed_analysis.TestQueueRoleAndValidation" name="test_buyer_can_queue" time="0.721" /><testcase classname="backend.tests.test_detailed_analysis.TestQueueRoleAndValidation" name="test_seller_forbidden" time="0.522" /><testcase classname="backend.tests.test_detailed_analysis.TestQueueRoleAndValidation" name="test_admin_can_queue" time="0.621" /><testcase classname="backend.tests.test_detailed_analysis.TestQueueRoleAndValidation" name="test_missing_company_name_400" time="0.239" /><testcase classname="backend.tests.test_detailed_analysis.TestReadPathOnSeed" name="test_get_seed_report_owner_full_payload" time="0.312" /><testcase classname="backend.tests.test_detailed_analysis.TestReadPathOnSeed" name="test_non_owner_seller_gets_403" time="0.122" /><testcase classname="backend.tests.test_detailed_analysis.TestReadPathOnSeed" name="test_admin_can_view_any" time="0.120" /><testcase classname="backend.tests.test_detailed_analysis.TestReadPathOnSeed" name="test_missing_returns_404" time="0.127" /><testcase classname="backend.tests.test_detailed_analysis.TestListEndpoint" name="test_buyer_list_contains_seed" time="0.132" /><testcase classname="backend.tests.test_detailed_analysis.TestListEndpoint" name="test_seller_list_does_not_contain_buyer_report" time="0.121" /><testcase classname="backend.tests.test_detailed_analysis.TestPdfExport" name="test_pdf_magic_and_size" time="0.215" /><testcase classname="backend.tests.test_detailed_analysis.TestPdfExport" name="test_pdf_non_owner_403" time="0.141" /><testcase classname="backend.tests.test_detailed_analysis.TestPdfExport" name="test_pdf_missing_404" time="0.145" /><testcase classname="backend.tests.test_detailed_analysis.TestAttachVault" name="test_buyer_attach_pdf_into_vault_round_trip" time="0.705" /><testcase classname="backend.tests.test_detailed_analysis.TestAttachVault" name="test_attach_requires_room_or_listing" time="0.121" /><testcase classname="backend.tests.test_detailed_analysis.TestAttachVault" name="test_attach_both_room_and_listing_rejected" time="0.142" /><testcase classname="backend.tests.test_detailed_analysis.TestAttachVault" name="test_buyer_cannot_attach_to_someone_elses_listing" time="0.106"><skipped type="pytest.skip" message="No seller listings available">/app/backend/tests/test_detailed_analysis.py:276: No seller listings available</skipped></testcase><testcase classname="backend.tests.test_detailed_analysis.TestSoftDelete" name="test_delete_then_404" time="0.742" /></testsuite></testsuites>