<?xml version="1.0" encoding="utf-8"?><testsuites name="pytest tests"><testsuite name="pytest" errors="0" failures="0" skipped="1" tests="16" time="6.445" timestamp="2026-07-17T18:29:09.133398+00:00" hostname="agent-env-1fdf2cf8-71c9-4f85-a9a9-e7ef1a8bb889"><testcase classname="tests.test_iter43_vault_zero_band_fix" name="test_helios_vault_valuation_returns_nonzero_and_priority_files" time="0.594" /><testcase classname="tests.test_iter43_vault_zero_band_fix" name="test_phase_e_public_only_valuation_still_works" time="0.225" /><testcase classname="tests.test_iter43_vault_zero_band_fix" name="test_valuation_on_empty_vault_does_not_crash" time="1.280"><skipped type="pytest.skip" message="no seller-owned empty deal room available for regression">/app/backend/tests/test_iter43_vault_zero_band_fix.py:177: no seller-owned empty deal room available for regression</skipped></testcase><testcase classname="tests.test_iter38_vault_valuation" name="test_buyer_get_helios_vault_valuation" time="0.459" /><testcase classname="tests.test_iter38_vault_valuation" name="test_post_valuation_is_idempotent" time="0.212" /><testcase classname="tests.test_iter38_vault_valuation" name="test_seller_cannot_see_buyer_valuation" time="0.458" /><testcase classname="tests.test_iter38_vault_valuation" name="test_unrelated_third_party_forbidden" time="0.437" /><testcase classname="tests.test_iter38_vault_valuation" name="test_memo_pdf_contains_private_data_room" time="0.303" /><testcase classname="tests.test_iter38_vault_valuation" name="test_regression_phase_a_valuation_no_vault" time="0.284" /><testcase classname="tests.test_vault_evidence_gather" name="test_gather_evidence_widens_financial_regex" time="2.096" /><testcase classname="tests.test_vault_evidence_gather" name="test_gather_evidence_gives_more_chars_to_priority_files" time="0.001" /><testcase classname="tests.test_vault_evidence_gather" name="test_gather_evidence_empty_room_returns_empty" time="0.001" /><testcase classname="tests.test_vault_evidence_gather" name="test_gather_evidence_falls_back_to_content_field_when_pages_empty" time="0.001" /><testcase classname="tests.test_valuation_vault_grounded" name="test_autofill_marks_private_grounded_when_evidence_provided" time="0.001" /><testcase classname="tests.test_valuation_vault_grounded" name="test_autofill_without_evidence_is_not_private_grounded" time="0.001" /><testcase classname="tests.test_valuation_vault_grounded" name="test_autofill_truncates_very_long_private_evidence" time="0.002" /></testsuite></testsuites>