<?xml version="1.0" encoding="utf-8"?><testsuites name="pytest tests"><testsuite name="pytest" errors="0" failures="0" skipped="0" tests="26" time="9.203" timestamp="2026-06-16T13:06:19.590344+00:00" hostname="agent-env-1fdf2cf8-71c9-4f85-a9a9-e7ef1a8bb889"><testcase classname="tests.test_orgs_collab_rbac.TestOrgsRBAC" name="test_create_org_returns_admin_role" time="0.601" /><testcase classname="tests.test_orgs_collab_rbac.TestOrgsRBAC" name="test_get_orgs_mine_scoped" time="0.691" /><testcase classname="tests.test_orgs_collab_rbac.TestOrgsRBAC" name="test_get_org_detail_membership_required" time="0.765" /><testcase classname="tests.test_orgs_collab_rbac.TestOrgsRBAC" name="test_patch_org_requires_org_admin" time="0.311" /><testcase classname="tests.test_orgs_collab_rbac.TestOrgsRBAC" name="test_invite_existing_member_rejected" time="0.218" /><testcase classname="tests.test_orgs_collab_rbac.TestOrgsRBAC" name="test_invite_requires_org_admin" time="0.203" /><testcase classname="tests.test_orgs_collab_rbac.TestOrgsRBAC" name="test_public_invite_lookup" time="0.452" /><testcase classname="tests.test_orgs_collab_rbac.TestOrgsRBAC" name="test_org_invite_email_mismatch_403" time="0.380" /><testcase classname="tests.test_orgs_collab_rbac.TestOrgsRBAC" name="test_members_list_includes_roles" time="0.221" /><testcase classname="tests.test_orgs_collab_rbac.TestOrgsRBAC" name="test_cannot_remove_last_admin" time="0.318" /><testcase classname="tests.test_orgs_collab_rbac.TestListingsRBAC" name="test_create_listing_initialises_collab_fields" time="0.240" /><testcase classname="tests.test_orgs_collab_rbac.TestListingsRBAC" name="test_listings_union_owned_org_collab" time="0.102" /><testcase classname="tests.test_orgs_collab_rbac.TestListingsRBAC" name="test_buyer_cannot_edit_or_delete_unrelated_listing" time="0.416" /><testcase classname="tests.test_orgs_collab_rbac.TestListingsRBAC" name="test_legacy_seed_listing_edit_and_revert" time="0.476" /><testcase classname="tests.test_orgs_collab_rbac.TestListingsRBAC" name="test_collaborator_invite_requires_edit_perm" time="0.437" /><testcase classname="tests.test_orgs_collab_rbac.TestListingsRBAC" name="test_double_invite_collaborator_rejected" time="0.497" /><testcase classname="tests.test_orgs_collab_rbac.TestListingsRBAC" name="test_listing_invite_email_mismatch_403" time="0.466" /><testcase classname="tests.test_orgs_collab_rbac.TestListingsRBAC" name="test_access_policy_normalization_and_perm" time="0.440" /><testcase classname="tests.test_orgs_collab_rbac.TestRegisterOrgChoice" name="test_register_create_org_and_agent_role" time="0.369" /><testcase classname="tests.test_orgs_collab_rbac.TestRegisterOrgChoice" name="test_register_join_with_invalid_token_rejected" time="0.373" /><testcase classname="tests.test_orgs_collab_rbac.TestRegisterOrgChoice" name="test_register_no_org_still_works" time="0.371" /><testcase classname="tests.test_orgs_collab_rbac.TestDealRoomCollaborators" name="test_non_member_blocked" time="0.222" /><testcase classname="tests.test_orgs_collab_rbac.TestDealRoomCollaborators" name="test_invite_nonexistent_user_rejected" time="0.222" /><testcase classname="tests.test_orgs_collab_rbac.TestRegressionExistingFlows" name="test_seller_my_listings_intact" time="0.102" /><testcase classname="tests.test_orgs_collab_rbac.TestRegressionExistingFlows" name="test_marketplace_browse_intact" time="0.099" /><testcase classname="tests.test_orgs_collab_rbac.TestRegressionExistingFlows" name="test_inquiries_endpoint_intact" time="0.097" /></testsuite></testsuites>