<?xml version="1.0" encoding="utf-8"?><testsuites name="pytest tests"><testsuite name="pytest" errors="0" failures="0" skipped="1" tests="19" time="10.333" timestamp="2026-06-24T18:37:48.587055+00:00" hostname="agent-env-1fdf2cf8-71c9-4f85-a9a9-e7ef1a8bb889"><testcase classname="backend.tests.test_admin_invite_role_scope.TestAdminInviteScope" name="test_invited_agent_lands_as_principal" time="0.870" /><testcase classname="backend.tests.test_admin_invite_role_scope.TestAdminInviteScope" name="test_invited_seller_lands_as_principal" time="0.476" /><testcase classname="backend.tests.test_admin_invite_role_scope.TestAdminInviteScope" name="test_invited_buyer_lands_as_principal" time="0.467" /><testcase classname="backend.tests.test_admin_invite_role_scope.TestAdminInviteScope" name="test_invited_agent_persists_principal_across_login" time="0.941" /><testcase classname="backend.tests.test_admin_invite_role_scope.TestListingCollabUnchanged" name="test_listing_collab_remains_collaborator" time="1.768" /><testcase classname="backend.tests.test_vault_preview.TestDownloadAccessControl" name="test_default_is_view_only_for_buyer" time="1.184" /><testcase classname="backend.tests.test_vault_preview.TestDownloadAccessControl" name="test_seller_always_downloads" time="0.261" /><testcase classname="backend.tests.test_vault_preview.TestDownloadAccessControl" name="test_seller_toggles_and_buyer_downloads" time="0.789" /><testcase classname="backend.tests.test_vault_preview.TestDownloadAccessControl" name="test_buyer_cannot_set_access_policy" time="0.246" /><testcase classname="backend.tests.test_vault_preview.TestPreviewEndpoint" name="test_preview_returns_inline_for_buyer_regardless_of_download_flag" time="0.243" /><testcase classname="backend.tests.test_vault_preview.TestPreviewEndpoint" name="test_preview_logs_audit_event" time="0.356" /><testcase classname="backend.tests.test_vault_preview.TestPreviewEndpoint" name="test_preview_office_conversion_when_libreoffice_present" time="0.002"><skipped type="pytest.skip" message="LibreOffice not installed in this environment">/app/backend/tests/test_vault_preview.py:159: LibreOffice not installed in this environment</skipped></testcase><testcase classname="backend.tests.test_preview_images.TestPptxImageRendering" name="test_pptx_with_image_produces_pdf" time="2.473" /><testcase classname="backend.tests.test_preview_images.TestPptxImageRendering" name="test_pptx_pdf_carries_embedded_image" time="0.015" /><testcase classname="backend.tests.test_preview_images.TestPptxImageRendering" name="test_pptx_without_image_still_renders" time="0.011" /><testcase classname="backend.tests.test_preview_images.TestDocxImageRendering" name="test_docx_with_image_produces_pdf" time="0.029" /><testcase classname="backend.tests.test_preview_images.TestDocxImageRendering" name="test_docx_pdf_carries_embedded_image" time="0.027" /><testcase classname="backend.tests.test_preview_images.TestDocxImageRendering" name="test_docx_without_image_still_renders" time="0.019" /><testcase classname="backend.tests.test_preview_images.TestCorruptImageResilience" name="test_pptx_with_text_around_corrupt_image_falls_through" time="0.077" /></testsuite></testsuites>