<?xml version="1.0" encoding="utf-8"?><testsuites name="pytest tests"><testsuite name="pytest" errors="0" failures="0" skipped="0" tests="7" time="9.076" timestamp="2026-06-25T00:03:46.957566+00:00" hostname="agent-env-1fdf2cf8-71c9-4f85-a9a9-e7ef1a8bb889"><testcase classname="tests.test_large_files_and_findings_job.TestBoxLargeFile" name="test_proxy_first_avoids_predefined_action_size_cap" time="2.764" /><testcase classname="tests.test_large_files_and_findings_job.TestBoxLargeFile" name="test_predefined_action_502_falls_through_to_proxy" time="0.007" /><testcase classname="tests.test_large_files_and_findings_job.TestBoxLargeFile" name="test_500mb_cap_bumped_from_50mb" time="2.928" /><testcase classname="tests.test_large_files_and_findings_job.TestFindingsBackgroundJob" name="test_run_findings_job_completes_writes_findings_and_marks_done" time="0.014" /><testcase classname="tests.test_large_files_and_findings_job.TestFindingsBackgroundJob" name="test_run_findings_job_marks_failed_on_claude_exception" time="0.006" /><testcase classname="tests.test_large_files_and_findings_job.TestFindingsBackgroundJob" name="test_inflight_job_returned_instead_of_starting_second" time="0.005" /><testcase classname="tests.test_large_files_and_findings_job.TestFindingsBackgroundJob" name="test_post_returns_immediately_no_synchronous_claude" time="3.331" /></testsuite></testsuites>