<?xml version="1.0" encoding="utf-8"?><testsuites name="pytest tests"><testsuite name="pytest" errors="0" failures="0" skipped="0" tests="6" time="2.589" timestamp="2026-06-24T18:37:29.085476+00:00" hostname="agent-env-1fdf2cf8-71c9-4f85-a9a9-e7ef1a8bb889"><testcase classname="backend.tests.test_box_slug_fix.TestComposioSlugs" name="test_box_uses_list_items_in_folder" time="0.002" /><testcase classname="backend.tests.test_box_slug_fix.TestComposioSlugs" name="test_other_providers_unchanged" time="0.000" /><testcase classname="backend.tests.test_box_slug_fix.TestComposioSlugs" name="test_box_default_folder_id_zero" time="0.001" /><testcase classname="backend.tests.test_box_slug_fix.TestComposioSlugs" name="test_non_file_entries_skipped" time="0.001" /><testcase classname="backend.tests.test_box_slug_fix.TestBoxSyncSlugResolves" name="test_create_box_source_then_sync_resolves_slug" time="2.451" /><testcase classname="backend.tests.test_box_slug_fix.TestBoxSyncSlugResolves" name="test_cleanup_box_source" time="0.001" /></testsuite></testsuites>