<?xml version="1.0" encoding="utf-8"?><testsuites name="pytest tests"><testsuite name="pytest" errors="0" failures="0" skipped="0" tests="9" time="5.599" timestamp="2026-06-18T16:18:14.352971+00:00" hostname="agent-env-1fdf2cf8-71c9-4f85-a9a9-e7ef1a8bb889"><testcase classname="backend.tests.test_external_sources.TestListExternalSources" name="test_get_returns_supported_six" time="0.718" /><testcase classname="backend.tests.test_external_sources.TestCreateExternalSource" name="test_create_googledrive_pending" time="0.649" /><testcase classname="backend.tests.test_external_sources.TestCreateExternalSource" name="test_create_unknown_kind_returns_422" time="0.106" /><testcase classname="backend.tests.test_external_sources.TestPendingSourceLifecycle" name="test_poll_pending_returns_pending" time="0.484" /><testcase classname="backend.tests.test_external_sources.TestPendingSourceLifecycle" name="test_sync_pending_returns_400" time="0.426" /><testcase classname="backend.tests.test_external_sources.TestPendingSourceLifecycle" name="test_delete_pending_soft_deletes" time="0.451" /><testcase classname="backend.tests.test_external_sources.TestWipeOnClose" name="test_patch_to_closed_wipes_sources_and_files" time="1.249" /><testcase classname="backend.tests.test_external_sources.TestRBAC" name="test_buyer_cannot_post_external_source" time="0.443" /><testcase classname="backend.tests.test_external_sources.TestRBAC" name="test_editor_collaborator_can_post" time="0.826" /></testsuite></testsuites>