<?xml version="1.0" encoding="utf-8"?><testsuites name="pytest tests"><testsuite name="pytest" errors="0" failures="0" skipped="0" tests="6" time="2.349" timestamp="2026-06-17T22:30:38.954700+00:00" hostname="agent-env-1fdf2cf8-71c9-4f85-a9a9-e7ef1a8bb889"><testcase classname="backend.tests.test_preview_vault" name="test_drl_templates_regression" time="0.466" /><testcase classname="backend.tests.test_preview_vault" name="test_seller_opens_preview_vault" time="0.322" /><testcase classname="backend.tests.test_preview_vault" name="test_preview_vault_idempotent" time="0.204" /><testcase classname="backend.tests.test_preview_vault" name="test_preview_room_appears_in_rooms_list_with_preview_flag" time="0.213" /><testcase classname="backend.tests.test_preview_vault" name="test_buyer_denied_403" time="0.423" /><testcase classname="backend.tests.test_preview_vault" name="test_agent_preview_vault" time="0.654" /></testsuite></testsuites>