<?xml version="1.0" encoding="utf-8"?><testsuites name="pytest tests"><testsuite name="pytest" errors="0" failures="1" skipped="0" tests="18" time="154.057" timestamp="2026-05-21T16:25:31.967913+00:00" hostname="agent-env-1fdf2cf8-71c9-4f85-a9a9-e7ef1a8bb889"><testcase classname="backend.tests.test_iter11_crud" name="test_research_delete_owner_and_excluded_from_list" time="26.980" /><testcase classname="backend.tests.test_iter11_crud" name="test_research_delete_non_owner_404" time="26.749" /><testcase classname="backend.tests.test_iter11_crud" name="test_inquiry_messages_participant_scoping" time="0.880" /><testcase classname="backend.tests.test_iter11_crud" name="test_inquiry_non_participant_403" time="0.953" /><testcase classname="backend.tests.test_iter11_crud" name="test_dealroom_soft_delete_excluded_from_list" time="0.303" /><testcase classname="backend.tests.test_iter11_crud" name="test_newsletter_edit_owner_only" time="23.428" /><testcase classname="backend.tests.test_iter11_crud" name="test_newsletter_delete_hard_for_draft" time="23.733" /><testcase classname="backend.tests.test_iter11_crud" name="test_me_interests_update_persists" time="0.159" /><testcase classname="backend.tests.test_iter11_crud" name="test_outreach_edit_and_delete_cycle" time="21.303" /><testcase classname="backend.tests.test_iter11_crud" name="test_collateral_edit_creates_version_and_updates_data" time="14.611" /><testcase classname="backend.tests.test_iter11_crud" name="test_collateral_cross_role_403_or_404" time="0.311" /><testcase classname="backend.tests.test_iter11_crud" name="test_collateral_pdf_export" time="0.094" /><testcase classname="backend.tests.test_iter11_crud" name="test_collateral_attach_to_listing" time="0.151" /><testcase classname="backend.tests.test_iter11_crud" name="test_collateral_attach_other_seller_listing_404" time="0.068" /><testcase classname="backend.tests.test_iter11_crud" name="test_collateral_push_to_vault_chain" time="0.338"><failure message="AssertionError: assert 1 == (1 + 1)&#10; +  where 1 = len({'detail': 'Method Not Allowed'})">backend/tests/test_iter11_crud.py:357: in test_collateral_push_to_vault_chain
    assert len(files_after) == n_before + 1
E   AssertionError: assert 1 == (1 + 1)
E    +  where 1 = len({'detail': 'Method Not Allowed'})</failure></testcase><testcase classname="backend.tests.test_iter11_crud" name="test_collateral_send_to_inquiry" time="0.351" /><testcase classname="backend.tests.test_iter11_crud" name="test_collateral_delete_removes_versions" time="13.057" /><testcase classname="backend.tests.test_iter11_crud" name="test_404_on_nonexistent_ids" time="0.444" /></testsuite></testsuites>