<?xml version="1.0" encoding="utf-8"?><testsuites name="pytest tests"><testsuite name="pytest" errors="0" failures="0" skipped="0" tests="6" time="3.853" timestamp="2026-06-17T23:11:12.714574+00:00" hostname="agent-env-1fdf2cf8-71c9-4f85-a9a9-e7ef1a8bb889"><testcase classname="backend.tests.test_invite_register" name="test_register_with_listing_invite_token_active" time="1.108" /><testcase classname="backend.tests.test_invite_register" name="test_register_with_listing_invite_mismatched_email_rejected" time="0.693" /><testcase classname="backend.tests.test_invite_register" name="test_register_without_invite_returns_pending" time="0.366" /><testcase classname="backend.tests.test_invite_register" name="test_register_with_expired_listing_invite_rejected" time="0.329" /><testcase classname="backend.tests.test_invite_register" name="test_register_with_already_accepted_listing_invite_rejected" time="0.565" /><testcase classname="backend.tests.test_invite_register" name="test_register_with_org_invite_token_active" time="0.698" /></testsuite></testsuites>