<?xml version="1.0" encoding="utf-8"?><testsuites name="pytest tests"><testsuite name="pytest" errors="0" failures="0" skipped="0" tests="12" time="2.699" timestamp="2026-06-24T22:30:51.698206+00:00" hostname="agent-env-1fdf2cf8-71c9-4f85-a9a9-e7ef1a8bb889"><testcase classname="tests.test_folder_picker.TestBrowseFolderHelper" name="test_box_browse_returns_only_folders" time="2.305" /><testcase classname="tests.test_folder_picker.TestBrowseFolderHelper" name="test_drive_browse_uses_folder_query" time="0.004" /><testcase classname="tests.test_folder_picker.TestBrowseFolderHelper" name="test_dropbox_browse_filters_by_tag_folder" time="0.003" /><testcase classname="tests.test_folder_picker.TestBrowseFolderHelper" name="test_onedrive_browse_uses_graph_proxy" time="0.004" /><testcase classname="tests.test_folder_picker.TestBrowseFolderHelper" name="test_sharepoint_browse_degrades_gracefully" time="0.003" /><testcase classname="tests.test_folder_picker.TestMultiFolderSync" name="test_multi_folder_box_pulls_from_each_selection" time="0.013" /><testcase classname="tests.test_folder_picker.TestMultiFolderSync" name="test_include_subfolders_false_skips_recursion" time="0.008" /><testcase classname="tests.test_folder_picker.TestMultiFolderSync" name="test_dropbox_uses_native_recursive_flag" time="0.010" /><testcase classname="tests.test_box_recursive_sync.TestBoxFolderRecursion" name="test_nested_files_get_pulled" time="0.010" /><testcase classname="tests.test_box_recursive_sync.TestBoxFolderRecursion" name="test_empty_root_with_only_folders_surfaces_actionable_error" time="0.006" /><testcase classname="tests.test_box_recursive_sync.TestBoxFolderRecursion" name="test_default_root_folder_id_is_zero" time="0.005" /><testcase classname="tests.test_box_recursive_sync.TestBoxFolderRecursion" name="test_recursion_respects_total_cap" time="0.297" /></testsuite></testsuites>