<?xml version="1.0" encoding="utf-8"?><testsuites name="pytest tests"><testsuite name="pytest" errors="0" failures="0" skipped="0" tests="4" time="7.082" timestamp="2026-06-24T22:33:21.416329+00:00" hostname="agent-env-1fdf2cf8-71c9-4f85-a9a9-e7ef1a8bb889"><testcase classname="tests.test_folder_picker_live.TestExternalSourcePersistsFolderFields" name="test_post_persists_folder_ids_labels_and_subfolders_flag" time="1.800" /><testcase classname="tests.test_folder_picker_live.TestPatchFolders" name="test_patch_updates_folders_and_audit_log" time="2.757" /><testcase classname="tests.test_folder_picker_live.TestPatchFolders" name="test_patch_over_20_folders_returns_400" time="1.265" /><testcase classname="tests.test_folder_picker_live.TestBrowseEndpointShape" name="test_browse_returns_expected_shape" time="1.190" /></testsuite></testsuites>