<?xml version="1.0" encoding="utf-8"?><testsuites name="pytest tests"><testsuite name="pytest" errors="0" failures="0" skipped="0" tests="9" time="5.478" timestamp="2026-06-17T23:27:29.766712+00:00" hostname="agent-env-1fdf2cf8-71c9-4f85-a9a9-e7ef1a8bb889"><testcase classname="backend.tests.test_collab_role_revoke" name="test_patch_role_success_and_reflected_in_get" time="1.247" /><testcase classname="backend.tests.test_collab_role_revoke" name="test_patch_role_principal_owner_blocked" time="0.360" /><testcase classname="backend.tests.test_collab_role_revoke" name="test_patch_role_nonexistent_user_404" time="0.096" /><testcase classname="backend.tests.test_collab_role_revoke" name="test_patch_role_invalid_role_422" time="0.557" /><testcase classname="backend.tests.test_collab_role_revoke" name="test_patch_role_unauthorized_caller" time="0.431" /><testcase classname="backend.tests.test_collab_role_revoke" name="test_revoke_pending_invite_success" time="0.462" /><testcase classname="backend.tests.test_collab_role_revoke" name="test_revoke_already_accepted_invite_400" time="0.884" /><testcase classname="backend.tests.test_collab_role_revoke" name="test_revoke_nonexistent_invite_404" time="0.096" /><testcase classname="backend.tests.test_collab_role_revoke" name="test_editor_collaborator_can_patch_role_and_revoke_invites" time="1.261" /></testsuite></testsuites>