<?xml version="1.0" encoding="utf-8"?><testsuites name="pytest tests"><testsuite name="pytest" errors="0" failures="0" skipped="1" tests="27" time="75.109" timestamp="2026-05-21T17:15:23.978294+00:00" hostname="agent-env-1fdf2cf8-71c9-4f85-a9a9-e7ef1a8bb889"><testcase classname="backend.tests.test_buyer_discovery.TestBuyerDiscoveryScan" name="test_scan_runs_and_returns_counts" time="18.286" /><testcase classname="backend.tests.test_buyer_discovery.TestBuyerDiscoveryScan" name="test_overview_includes_listing" time="0.192" /><testcase classname="backend.tests.test_buyer_discovery.TestBuyerDiscoveryScan" name="test_list_matches_sorted_and_shaped" time="0.218" /><testcase classname="backend.tests.test_buyer_discovery.TestBuyerMatchActions" name="test_patch_status_saved" time="0.136" /><testcase classname="backend.tests.test_buyer_discovery.TestBuyerMatchActions" name="test_add_to_leads_creates_lead" time="0.272" /><testcase classname="backend.tests.test_buyer_discovery.TestBuyerMatchActions" name="test_generate_outreach_creates_campaign" time="21.986" /><testcase classname="backend.tests.test_buyer_discovery.TestBuyerMatchActions" name="test_delete_soft_deletes_match" time="0.433" /><testcase classname="backend.tests.test_buyer_discovery.TestBuyerAlerts" name="test_list_alerts" time="0.135" /><testcase classname="backend.tests.test_buyer_discovery.TestBuyerAlerts" name="test_count_endpoint" time="0.121" /><testcase classname="backend.tests.test_buyer_discovery.TestBuyerAlerts" name="test_unseen_filter" time="0.145" /><testcase classname="backend.tests.test_buyer_discovery.TestBuyerAlerts" name="test_mark_one_seen_then_dismiss" time="0.127"><skipped type="pytest.skip" message="No unseen alerts to act on">/app/backend/tests/test_buyer_discovery.py:227: No unseen alerts to act on</skipped></testcase><testcase classname="backend.tests.test_buyer_discovery.TestBuyerAlerts" name="test_mark_all_seen" time="0.273" /><testcase classname="backend.tests.test_buyer_discovery.TestBuyerForbidden" name="test_buyer_blocked[GET-/buyer-discovery/overview]" time="0.471" /><testcase classname="backend.tests.test_buyer_discovery.TestBuyerForbidden" name="test_buyer_blocked[POST-/buyer-discovery/listings/abc/scan]" time="0.137" /><testcase classname="backend.tests.test_buyer_discovery.TestBuyerForbidden" name="test_buyer_blocked[GET-/buyer-discovery/listings/abc/matches]" time="0.136" /><testcase classname="backend.tests.test_buyer_discovery.TestBuyerForbidden" name="test_buyer_blocked[PATCH-/buyer-discovery/matches/abc]" time="0.127" /><testcase classname="backend.tests.test_buyer_discovery.TestBuyerForbidden" name="test_buyer_blocked[DELETE-/buyer-discovery/matches/abc]" time="0.142" /><testcase classname="backend.tests.test_buyer_discovery.TestBuyerForbidden" name="test_buyer_blocked[POST-/buyer-discovery/matches/abc/add-to-leads]" time="0.169" /><testcase classname="backend.tests.test_buyer_discovery.TestBuyerForbidden" name="test_buyer_blocked[POST-/buyer-discovery/matches/abc/generate-outreach]" time="0.150" /><testcase classname="backend.tests.test_buyer_discovery.TestBuyerForbidden" name="test_buyer_blocked[GET-/buyer-alerts]" time="0.137" /><testcase classname="backend.tests.test_buyer_discovery.TestBuyerForbidden" name="test_buyer_blocked[POST-/buyer-alerts/mark-all-seen]" time="0.135" /><testcase classname="backend.tests.test_buyer_discovery.TestBuyerForbidden" name="test_buyer_blocked[PATCH-/buyer-alerts/abc/seen]" time="0.158" /><testcase classname="backend.tests.test_buyer_discovery.TestBuyerForbidden" name="test_buyer_blocked[DELETE-/buyer-alerts/abc]" time="0.163" /><testcase classname="backend.tests.test_buyer_discovery.TestBuyerForbidden" name="test_buyer_alerts_count_returns_zero" time="0.140" /><testcase classname="backend.tests.test_buyer_discovery.TestNewsletterRecipientEditor" name="test_recipient_candidates_listed_for_seller" time="0.128" /><testcase classname="backend.tests.test_buyer_discovery.TestNewsletterRecipientEditor" name="test_recipient_candidates_blocked_for_buyer" time="0.145" /><testcase classname="backend.tests.test_buyer_discovery.TestNewsletterRecipientEditor" name="test_edit_recipients_and_dispatch_count_matches" time="30.341" /></testsuite></testsuites>