<?xml version="1.0" encoding="utf-8"?><testsuites name="pytest tests"><testsuite name="pytest" errors="0" failures="0" skipped="0" tests="4" time="21.260" timestamp="2026-06-25T00:06:04.171904+00:00" hostname="agent-env-1fdf2cf8-71c9-4f85-a9a9-e7ef1a8bb889"><testcase classname="tests.test_findings_job_live" name="test_post_generate_findings_returns_immediately" time="0.738" /><testcase classname="tests.test_findings_job_live" name="test_second_post_returns_already_running_or_terminal" time="10.131" /><testcase classname="tests.test_findings_job_live" name="test_poll_findings_job_until_terminal" time="10.204" /><testcase classname="tests.test_findings_job_live" name="test_latest_findings_job_endpoint" time="0.125" /></testsuite></testsuites>