<?xml version="1.0" encoding="utf-8"?><testsuites name="pytest tests"><testsuite name="pytest" errors="0" failures="0" skipped="0" tests="9" time="6.814" timestamp="2026-06-02T17:15:17.498341+00:00" hostname="agent-env-1fdf2cf8-71c9-4f85-a9a9-e7ef1a8bb889"><testcase classname="backend.tests.test_listing_dataroom.TestListingStagedFiles" name="test_list_initial" time="0.774" /><testcase classname="backend.tests.test_listing_dataroom.TestListingStagedFiles" name="test_buyer_forbidden_to_list" time="0.451" /><testcase classname="backend.tests.test_listing_dataroom.TestListingStagedFiles" name="test_upload_round_trip" time="1.135" /><testcase classname="backend.tests.test_listing_dataroom.TestListingStagedFiles" name="test_unknown_folder_coerced_to_other" time="0.269" /><testcase classname="backend.tests.test_listing_dataroom.TestListingStagedFiles" name="test_empty_file_400" time="0.114" /><testcase classname="backend.tests.test_listing_dataroom.TestListingStagedFiles" name="test_oversize_413" time="1.355" /><testcase classname="backend.tests.test_listing_dataroom.TestListingStagedFiles" name="test_buyer_cannot_upload" time="0.107" /><testcase classname="backend.tests.test_listing_dataroom.TestListingStagedFiles" name="test_admin_can_list" time="0.461" /><testcase classname="backend.tests.test_listing_dataroom.TestVaultAutoClone" name="test_clone_into_vault" time="2.064" /></testsuite></testsuites>