<?xml version="1.0" encoding="utf-8"?><testsuites name="pytest tests"><testsuite name="pytest" errors="0" failures="0" skipped="0" tests="11" time="8.160" timestamp="2026-05-21T02:33:33.804472+00:00" hostname="agent-env-1fdf2cf8-71c9-4f85-a9a9-e7ef1a8bb889"><testcase classname="backend.tests.test_provenance_certificate.TestCertificatePdfValidity" name="test_returns_pdf_with_attachment_headers" time="0.917" /><testcase classname="backend.tests.test_provenance_certificate.TestCertificatePdfValidity" name="test_pdf_parses_and_contains_required_sections" time="0.213" /><testcase classname="backend.tests.test_provenance_certificate.TestCertificatePdfValidity" name="test_performance_under_5s" time="0.199" /><testcase classname="backend.tests.test_provenance_certificate.TestCertificateAuthorization" name="test_seller_participant_can_access" time="0.731" /><testcase classname="backend.tests.test_provenance_certificate.TestCertificateAuthorization" name="test_non_existent_room_returns_404" time="0.129" /><testcase classname="backend.tests.test_provenance_certificate.TestCertificateAuthorization" name="test_admin_can_access_any_vault" time="0.573" /><testcase classname="backend.tests.test_provenance_certificate.TestCertificateAuthorization" name="test_unauthenticated_request_rejected" time="0.113" /><testcase classname="backend.tests.test_provenance_certificate.TestCertificateAuthorization" name="test_non_participant_returns_403" time="0.487" /><testcase classname="backend.tests.test_provenance_certificate.TestCertificateSideEffects" name="test_generates_vault_certificate_proof" time="3.013" /><testcase classname="backend.tests.test_provenance_certificate.TestCertificateSideEffects" name="test_audit_log_entry_created" time="1.304" /><testcase classname="backend.tests.test_provenance_certificate.TestEmptyStateRoom" name="test_cert_works_on_freshly_created_active_room" time="0.334" /></testsuite></testsuites>