<?xml version="1.0" encoding="utf-8"?><testsuites name="pytest tests"><testsuite name="pytest" errors="0" failures="0" skipped="0" tests="47" time="148.486" timestamp="2026-05-20T19:01:19.480707+00:00" hostname="agent-env-1fdf2cf8-71c9-4f85-a9a9-e7ef1a8bb889"><testcase classname="backend.tests.backend_test" name="test_health" time="10.980" /><testcase classname="backend.tests.backend_test" name="test_login_returns_token" time="0.588" /><testcase classname="backend.tests.backend_test" name="test_login_invalid" time="0.283" /><testcase classname="backend.tests.backend_test" name="test_seeded_alex_user_login" time="0.285" /><testcase classname="backend.tests.backend_test" name="test_me_returns_user" time="0.249" /><testcase classname="backend.tests.backend_test" name="test_me_requires_auth" time="0.059" /><testcase classname="backend.tests.backend_test" name="test_dashboard_stats_buyer" time="0.066" /><testcase classname="backend.tests.backend_test" name="test_deals_seeded" time="0.060" /><testcase classname="backend.tests.backend_test" name="test_research_company_persists" time="37.202" /><testcase classname="backend.tests.backend_test" name="test_research_history" time="0.068" /><testcase classname="backend.tests.backend_test" name="test_grounded_research_has_sources_array" time="38.015" /><testcase classname="backend.tests.backend_test" name="test_grounded_research_live_flag" time="0.000" /><testcase classname="backend.tests.backend_test" name="test_grounded_research_latency_under_60s" time="0.000" /><testcase classname="backend.tests.backend_test" name="test_grounded_research_inline_citations" time="0.000" /><testcase classname="backend.tests.backend_test" name="test_grounded_research_schema_backward_compat" time="0.000" /><testcase classname="backend.tests.backend_test" name="test_grounded_research_persists_with_sources" time="0.091" /><testcase classname="backend.tests.backend_test" name="test_collateral_one_pager" time="11.927" /><testcase classname="backend.tests.backend_test" name="test_campaign_drafted" time="18.983" /><testcase classname="backend.tests.backend_test" name="test_campaign_launch" time="0.141" /><testcase classname="backend.tests.backend_test" name="test_lead_create_and_advance" time="0.190" /><testcase classname="backend.tests.backend_test" name="test_newsletter_preferences" time="0.124" /><testcase classname="backend.tests.backend_test" name="test_newsletter_draft" time="24.666" /><testcase classname="backend.tests.backend_test" name="test_newsletter_approve_and_dispatch" time="0.200" /><testcase classname="backend.tests.backend_test" name="test_mcp_actions" time="0.064" /><testcase classname="backend.tests.backend_test" name="test_mcp_manifest_public" time="0.078" /><testcase classname="backend.tests.backend_test" name="test_agents_activity" time="0.068" /><testcase classname="backend.tests.backend_test" name="test_agents_stats" time="0.089" /><testcase classname="backend.tests.backend_test" name="test_composio_status" time="0.086" /><testcase classname="backend.tests.backend_test" name="test_composio_connect_linkedin" time="0.267" /><testcase classname="backend.tests.backend_test" name="test_audit_logs" time="0.073" /><testcase classname="backend.tests.backend_test" name="test_seeded_seller_login" time="0.569" /><testcase classname="backend.tests.backend_test" name="test_register_accepts_seller_role" time="0.295" /><testcase classname="backend.tests.backend_test" name="test_dashboard_stats_seller" time="0.085" /><testcase classname="backend.tests.backend_test" name="test_seller_listings_seeded" time="0.072" /><testcase classname="backend.tests.backend_test" name="test_seller_create_listing" time="0.152" /><testcase classname="backend.tests.backend_test" name="test_buyer_cannot_create_listing" time="0.411" /><testcase classname="backend.tests.backend_test" name="test_seller_patch_and_delete_own_listing" time="0.419" /><testcase classname="backend.tests.backend_test" name="test_marketplace_visible_to_buyer" time="0.064" /><testcase classname="backend.tests.backend_test" name="test_marketplace_detail" time="0.133" /><testcase classname="backend.tests.backend_test" name="test_buyer_inquiry_created" time="0.215" /><testcase classname="backend.tests.backend_test" name="test_buyer_outbound_inquiries" time="0.064" /><testcase classname="backend.tests.backend_test" name="test_seller_sees_inbound_inquiry" time="0.076" /><testcase classname="backend.tests.backend_test" name="test_seller_patch_inquiry_status" time="0.148" /><testcase classname="backend.tests.backend_test" name="test_seller_patch_inquiry_invalid_status" time="0.074" /><testcase classname="backend.tests.backend_test" name="test_buyer_cannot_patch_inquiry_status" time="0.065" /><testcase classname="backend.tests.backend_test" name="test_watchlist_add_get_delete" time="0.404" /><testcase classname="backend.tests.backend_test" name="test_watchlist_unknown_listing" time="0.066" /></testsuite></testsuites>