<?xml version="1.0" encoding="utf-8"?><testsuites name="pytest tests"><testsuite name="pytest" errors="0" failures="0" skipped="0" tests="24" time="94.974" timestamp="2026-05-20T18:14:00.666143+00:00" hostname="agent-env-1fdf2cf8-71c9-4f85-a9a9-e7ef1a8bb889"><testcase classname="backend.tests.backend_test" name="test_health" time="0.149" /><testcase classname="backend.tests.backend_test" name="test_login_returns_token" time="0.588" /><testcase classname="backend.tests.backend_test" name="test_login_invalid" time="0.299" /><testcase classname="backend.tests.backend_test" name="test_seeded_alex_user_login" time="0.296" /><testcase classname="backend.tests.backend_test" name="test_me_returns_user" time="0.140" /><testcase classname="backend.tests.backend_test" name="test_me_requires_auth" time="0.068" /><testcase classname="backend.tests.backend_test" name="test_dashboard_stats" time="0.089" /><testcase classname="backend.tests.backend_test" name="test_deals_seeded" time="0.076" /><testcase classname="backend.tests.backend_test" name="test_research_company_persists" time="33.481" /><testcase classname="backend.tests.backend_test" name="test_research_history" time="0.075" /><testcase classname="backend.tests.backend_test" name="test_collateral_one_pager" time="14.724" /><testcase classname="backend.tests.backend_test" name="test_campaign_drafted" time="18.818" /><testcase classname="backend.tests.backend_test" name="test_campaign_launch" time="0.162" /><testcase classname="backend.tests.backend_test" name="test_lead_create_and_advance" time="0.207" /><testcase classname="backend.tests.backend_test" name="test_newsletter_preferences" time="0.142" /><testcase classname="backend.tests.backend_test" name="test_newsletter_draft" time="24.638" /><testcase classname="backend.tests.backend_test" name="test_newsletter_approve_and_dispatch" time="0.227" /><testcase classname="backend.tests.backend_test" name="test_mcp_actions" time="0.071" /><testcase classname="backend.tests.backend_test" name="test_mcp_manifest_public" time="0.079" /><testcase classname="backend.tests.backend_test" name="test_agents_activity" time="0.074" /><testcase classname="backend.tests.backend_test" name="test_agents_stats" time="0.070" /><testcase classname="backend.tests.backend_test" name="test_composio_status" time="0.068" /><testcase classname="backend.tests.backend_test" name="test_composio_connect_linkedin" time="0.251" /><testcase classname="backend.tests.backend_test" name="test_audit_logs" time="0.073" /></testsuite></testsuites>