<?xml version="1.0" encoding="utf-8"?><testsuites name="pytest tests"><testsuite name="pytest" errors="0" failures="0" skipped="0" tests="33" time="13.844" timestamp="2026-06-25T16:32:51.551498+00:00" hostname="agent-env-1fdf2cf8-71c9-4f85-a9a9-e7ef1a8bb889"><testcase classname="tests.test_copilot_data_access.TestCopilotJob" name="test_composio_mirrored_files_appear_in_inventory" time="2.203" /><testcase classname="tests.test_copilot_data_access.TestCopilotJob" name="test_120_files_no_truncation_warning" time="0.034" /><testcase classname="tests.test_copilot_data_access.TestCopilotJob" name="test_220_files_truncation_warning" time="0.057" /><testcase classname="tests.test_copilot_data_access.TestCopilotJob" name="test_legacy_citation_defaults_to_page_1" time="0.008" /><testcase classname="tests.test_copilot_data_access.TestCopilotJob" name="test_clone_backfill_fires_regardless_of_status" time="0.009" /><testcase classname="tests.test_copilot_data_access.TestCopilotHandlerReturnsImmediately" name="test_post_returns_under_half_second_no_synchronous_claude" time="3.688" /><testcase classname="tests.test_copilot_data_access.TestCopilotHandlerReturnsImmediately" name="test_failed_job_marks_status_failed_not_stuck" time="0.010" /><testcase classname="tests.test_large_files_and_findings_job.TestBoxLargeFile" name="test_proxy_first_avoids_predefined_action_size_cap" time="0.738" /><testcase classname="tests.test_large_files_and_findings_job.TestBoxLargeFile" name="test_predefined_action_502_falls_through_to_proxy" time="0.007" /><testcase classname="tests.test_large_files_and_findings_job.TestBoxLargeFile" name="test_500mb_cap_bumped_from_50mb" time="2.910" /><testcase classname="tests.test_large_files_and_findings_job.TestFindingsBackgroundJob" name="test_run_findings_job_completes_writes_findings_and_marks_done" time="0.011" /><testcase classname="tests.test_large_files_and_findings_job.TestFindingsBackgroundJob" name="test_run_findings_job_marks_failed_on_claude_exception" time="0.007" /><testcase classname="tests.test_large_files_and_findings_job.TestFindingsBackgroundJob" name="test_inflight_job_returned_instead_of_starting_second" time="0.006" /><testcase classname="tests.test_large_files_and_findings_job.TestFindingsBackgroundJob" name="test_post_returns_immediately_no_synchronous_claude" time="3.369" /><testcase classname="tests.test_box_recursive_sync.TestBoxFolderRecursion" name="test_nested_files_get_pulled" time="0.041" /><testcase classname="tests.test_box_recursive_sync.TestBoxFolderRecursion" name="test_empty_root_with_only_folders_surfaces_actionable_error" time="0.006" /><testcase classname="tests.test_box_recursive_sync.TestBoxFolderRecursion" name="test_default_root_folder_id_is_zero" time="0.008" /><testcase classname="tests.test_box_recursive_sync.TestBoxFolderRecursion" name="test_recursion_respects_total_cap" time="0.477" /><testcase classname="tests.test_folder_picker.TestBrowseFolderHelper" name="test_box_browse_returns_only_folders" time="0.003" /><testcase classname="tests.test_folder_picker.TestBrowseFolderHelper" name="test_drive_browse_uses_folder_query" time="0.003" /><testcase classname="tests.test_folder_picker.TestBrowseFolderHelper" name="test_dropbox_browse_filters_by_tag_folder" time="0.003" /><testcase classname="tests.test_folder_picker.TestBrowseFolderHelper" name="test_onedrive_browse_uses_graph_proxy" time="0.003" /><testcase classname="tests.test_folder_picker.TestBrowseFolderHelper" name="test_sharepoint_browse_degrades_gracefully" time="0.003" /><testcase classname="tests.test_folder_picker.TestMultiFolderSync" name="test_multi_folder_box_pulls_from_each_selection" time="0.012" /><testcase classname="tests.test_folder_picker.TestMultiFolderSync" name="test_include_subfolders_false_skips_recursion" time="0.008" /><testcase classname="tests.test_folder_picker.TestMultiFolderSync" name="test_dropbox_uses_native_recursive_flag" time="0.010" /><testcase classname="tests.test_preview_images.TestPptxImageRendering" name="test_pptx_with_image_produces_pdf" time="0.023" /><testcase classname="tests.test_preview_images.TestPptxImageRendering" name="test_pptx_pdf_carries_embedded_image" time="0.015" /><testcase classname="tests.test_preview_images.TestPptxImageRendering" name="test_pptx_without_image_still_renders" time="0.012" /><testcase classname="tests.test_preview_images.TestDocxImageRendering" name="test_docx_with_image_produces_pdf" time="0.025" /><testcase classname="tests.test_preview_images.TestDocxImageRendering" name="test_docx_pdf_carries_embedded_image" time="0.027" /><testcase classname="tests.test_preview_images.TestDocxImageRendering" name="test_docx_without_image_still_renders" time="0.020" /><testcase classname="tests.test_preview_images.TestCorruptImageResilience" name="test_pptx_with_text_around_corrupt_image_falls_through" time="0.038" /></testsuite></testsuites>