<?xml version="1.0" encoding="utf-8"?><testsuites name="pytest tests"><testsuite name="pytest" errors="0" failures="1" skipped="0" tests="21" time="7.149" timestamp="2026-05-21T01:39:19.339432+00:00" hostname="agent-env-1fdf2cf8-71c9-4f85-a9a9-e7ef1a8bb889"><testcase classname="tests.test_security" name="test_posture_returns_all_features" time="0.609" /><testcase classname="tests.test_security" name="test_security_headers_present" time="0.071" /><testcase classname="tests.test_security" name="test_brute_force_lockout_429" time="1.947" /><testcase classname="tests.test_security" name="test_password_complexity_rejects[short1A-&lt;8 chars]" time="0.152" /><testcase classname="tests.test_security" name="test_password_complexity_rejects[alllowercase-no digit]" time="0.106" /><testcase classname="tests.test_security" name="test_password_complexity_rejects[12345678-no letter]" time="0.109" /><testcase classname="tests.test_security" name="test_password_complexity_accepts_valid" time="0.358" /><testcase classname="tests.test_security" name="test_audit_verify_buyer_forbidden" time="0.077" /><testcase classname="tests.test_security" name="test_audit_verify_seller_forbidden" time="0.431" /><testcase classname="tests.test_security" name="test_audit_chain_entries_have_chain_fields" time="0.014"><failure message="AssertionError: audit_log missing seq: keys=['_id', 'id', 'actor_id', 'action', 'target', 'meta', 'timestamp']&#10;assert 'seq' in {'_id': ObjectId('6a0df86125d5e3b3607e9e39'), 'action': 'research.create', 'actor_id': 'd7aad514-d751-424d-9d44-216404b7401f', 'id': '50c0de9c-88cb-4ce0-9be5-698c40c9e410', ...}">tests/test_security.py:150: in test_audit_chain_entries_have_chain_fields
    assert k in entry, f"audit_log missing {k}: keys={list(entry.keys())}"
E   AssertionError: audit_log missing seq: keys=['_id', 'id', 'actor_id', 'action', 'target', 'meta', 'timestamp']
E   assert 'seq' in {'_id': ObjectId('6a0df86125d5e3b3607e9e39'), 'action': 'research.create', 'actor_id': 'd7aad514-d751-424d-9d44-216404b7401f', 'id': '50c0de9c-88cb-4ce0-9be5-698c40c9e410', ...}</failure></testcase><testcase classname="tests.test_security" name="test_proofs_list_buyer_sees_own" time="0.068" /><testcase classname="tests.test_security" name="test_proofs_pagination_sorted_desc" time="0.069" /><testcase classname="tests.test_security" name="test_proof_detail_excludes_ots_bytes" time="0.138" /><testcase classname="tests.test_security" name="test_proof_download_returns_ots_magic_bytes" time="0.134" /><testcase classname="tests.test_security" name="test_proof_upgrade_handles_pending" time="0.989" /><testcase classname="tests.test_security" name="test_proof_download_non_owner_forbidden" time="0.124" /><testcase classname="tests.test_security" name="test_verify_endpoint_correct_digest" time="0.267" /><testcase classname="tests.test_security" name="test_verify_endpoint_wrong_digest" time="0.269" /><testcase classname="tests.test_security" name="test_verify_endpoint_bad_digest_format" time="0.247" /><testcase classname="tests.test_security" name="test_encrypted_upload_download_roundtrip" time="0.725" /><testcase classname="tests.test_security" name="test_proof_download_not_found" time="0.073" /></testsuite></testsuites>