<?xml version="1.0" encoding="utf-8"?><testsuites name="pytest tests"><testsuite name="pytest" errors="0" failures="0" skipped="1" tests="21" time="7.256" timestamp="2026-05-21T02:34:37.037224+00:00" hostname="agent-env-1fdf2cf8-71c9-4f85-a9a9-e7ef1a8bb889"><testcase classname="backend.tests.test_security" name="test_posture_returns_all_features" time="0.442" /><testcase classname="backend.tests.test_security" name="test_security_headers_present" time="0.065" /><testcase classname="backend.tests.test_security" name="test_brute_force_lockout_429" time="1.965" /><testcase classname="backend.tests.test_security" name="test_password_complexity_rejects[short1A-&lt;8 chars]" time="0.102" /><testcase classname="backend.tests.test_security" name="test_password_complexity_rejects[alllowercase-no digit]" time="0.138" /><testcase classname="backend.tests.test_security" name="test_password_complexity_rejects[12345678-no letter]" time="0.123" /><testcase classname="backend.tests.test_security" name="test_password_complexity_accepts_valid" time="0.379" /><testcase classname="backend.tests.test_security" name="test_audit_verify_buyer_forbidden" time="0.096" /><testcase classname="backend.tests.test_security" name="test_audit_verify_seller_forbidden" time="0.469" /><testcase classname="backend.tests.test_security" name="test_audit_chain_entries_have_chain_fields" time="0.001"><skipped type="pytest.skip" message="MONGO_URL/DB_NAME not configured for direct tamper test">/app/backend/tests/test_security.py:144: MONGO_URL/DB_NAME not configured for direct tamper test</skipped></testcase><testcase classname="backend.tests.test_security" name="test_proofs_list_buyer_sees_own" time="0.069" /><testcase classname="backend.tests.test_security" name="test_proofs_pagination_sorted_desc" time="0.066" /><testcase classname="backend.tests.test_security" name="test_proof_detail_excludes_ots_bytes" time="0.139" /><testcase classname="backend.tests.test_security" name="test_proof_download_returns_ots_magic_bytes" time="0.128" /><testcase classname="backend.tests.test_security" name="test_proof_upgrade_handles_pending" time="0.848" /><testcase classname="backend.tests.test_security" name="test_proof_download_non_owner_forbidden" time="0.133" /><testcase classname="backend.tests.test_security" name="test_verify_endpoint_correct_digest" time="0.272" /><testcase classname="backend.tests.test_security" name="test_verify_endpoint_wrong_digest" time="0.230" /><testcase classname="backend.tests.test_security" name="test_verify_endpoint_bad_digest_format" time="0.255" /><testcase classname="backend.tests.test_security" name="test_encrypted_upload_download_roundtrip" time="0.649" /><testcase classname="backend.tests.test_security" name="test_proof_download_not_found" time="0.065" /></testsuite></testsuites>